[0502/120535.417:WARNING:used_ids.h(55)] Duplicate id found. Reassigning from 104 to 127
[0502/120535.417:WARNING:used_ids.h(55)] Duplicate id found. Reassigning from 103 to 125
[0502/120535.417:WARNING:used_ids.h(55)] Duplicate id found. Reassigning from 1 to 14
[0502/120535.418:WARNING:used_ids.h(55)] Duplicate id found. Reassigning from 3 to 13
[0502/120535.418:WARNING:used_ids.h(55)] Duplicate id found. Reassigning from 5 to 12
[0502/120535.418:WARNING:used_ids.h(55)] Duplicate id found. Reassigning from 6 to 11
[0502/120535.418:ERROR:audio_rtp_receiver.cc(89)] AudioRtpReceiver::OnSetVolume: No audio channel exists.
[0502/120550.595:ERROR:audio_rtp_receiver.cc(89)] AudioRtpReceiver::OnSetVolume: No audio channel exists.
[0502/120550.596:WARNING:used_ids.h(55)] Duplicate id found. Reassigning from 104 to 127
[0502/120550.596:WARNING:used_ids.h(55)] Duplicate id found. Reassigning from 102 to 125
[0502/120550.596:WARNING:used_ids.h(55)] Duplicate id found. Reassigning from 104 to 124
[0502/120550.596:WARNING:used_ids.h(55)] Duplicate id found. Reassigning from 106 to 123
[0502/120550.596:WARNING:used_ids.h(55)] Duplicate id found. Reassigning from 103 to 122
[0502/120550.596:WARNING:used_ids.h(55)] Duplicate id found. Reassigning from 105 to 121
[0502/120550.596:WARNING:used_ids.h(55)] Duplicate id found. Reassigning from 109 to 120
[0502/120550.596:WARNING:used_ids.h(55)] Duplicate id found. Reassigning from 1 to 14
[0502/120550.596:WARNING:used_ids.h(55)] Duplicate id found. Reassigning from 3 to 13
[0502/120550.596:WARNING:used_ids.h(55)] Duplicate id found. Reassigning from 5 to 12
[0502/120550.596:WARNING:used_ids.h(55)] Duplicate id found. Reassigning from 6 to 11
[0502/120600.279:ERROR:batching_media_log.cc(38)] MediaEvent: {"error":"FFmpegDemuxer: no supported streams"}
[0502/120600.280:ERROR:batching_media_log.cc(35)] MediaEvent: {"pipeline_error":14}
[0502/120600.473:ERROR:batching_media_log.cc(38)] MediaEvent: {"error":"FFmpegDemuxer: no supported streams"}
[0502/120600.473:ERROR:batching_media_log.cc(35)] MediaEvent: {"pipeline_error":14}
[0502/123108.431:WARNING:dns_config_service_win.cc(700)] Failed to read DnsConfig.
[0502/123108.441:WARNING:dns_config_service_win.cc(700)] Failed to read DnsConfig.
[0829/153331.972:WARNING:used_ids.h(55)] Duplicate id found. Reassigning from 104 to 127
[0829/153331.972:WARNING:used_ids.h(55)] Duplicate id found. Reassigning from 102 to 125
[0829/153331.972:WARNING:used_ids.h(55)] Duplicate id found. Reassigning from 104 to 124
[0829/153331.972:WARNING:used_ids.h(55)] Duplicate id found. Reassigning from 106 to 123
[0829/153331.972:WARNING:used_ids.h(55)] Duplicate id found. Reassigning from 103 to 122
[0829/153331.972:WARNING:used_ids.h(55)] Duplicate id found. Reassigning from 105 to 121
[0829/153331.972:WARNING:used_ids.h(55)] Duplicate id found. Reassigning from 109 to 120
[0829/153331.972:WARNING:used_ids.h(55)] Duplicate id found. Reassigning from 1 to 14
[0829/153331.972:WARNING:used_ids.h(55)] Duplicate id found. Reassigning from 3 to 13
[0829/153331.972:WARNING:used_ids.h(55)] Duplicate id found. Reassigning from 5 to 12
[0829/153331.972:WARNING:used_ids.h(55)] Duplicate id found. Reassigning from 6 to 11
[0829/153331.972:ERROR:audio_rtp_receiver.cc(89)] AudioRtpReceiver::OnSetVolume: No audio channel exists.
[0829/153349.381:WARNING:used_ids.h(55)] Duplicate id found. Reassigning from 104 to 127
[0829/153349.381:WARNING:used_ids.h(55)] Duplicate id found. Reassigning from 102 to 125
[0829/153349.381:WARNING:used_ids.h(55)] Duplicate id found. Reassigning from 104 to 124
[0829/153349.381:WARNING:used_ids.h(55)] Duplicate id found. Reassigning from 106 to 123
[0829/153349.381:WARNING:used_ids.h(55)] Duplicate id found. Reassigning from 103 to 122
[0829/153349.382:WARNING:used_ids.h(55)] Duplicate id found. Reassigning from 105 to 121
[0829/153349.382:WARNING:used_ids.h(55)] Duplicate id found. Reassigning from 109 to 120
[0829/153349.382:WARNING:used_ids.h(55)] Duplicate id found. Reassigning from 1 to 14
[0829/153349.382:WARNING:used_ids.h(55)] Duplicate id found. Reassigning from 3 to 13
[0829/153349.382:WARNING:used_ids.h(55)] Duplicate id found. Reassigning from 5 to 12
[0829/153349.382:WARNING:used_ids.h(55)] Duplicate id found. Reassigning from 6 to 11
[0829/153349.382:ERROR:audio_rtp_receiver.cc(89)] AudioRtpReceiver::OnSetVolume: No audio channel exists.
[0829/153353.582:ERROR:batching_media_log.cc(38)] MediaEvent: {"error":"FFmpegDemuxer: no supported streams"}
[0829/153353.582:ERROR:batching_media_log.cc(35)] MediaEvent: {"pipeline_error":14}
[0829/153354.108:ERROR:batching_media_log.cc(38)] MediaEvent: {"error":"FFmpegDemuxer: no supported streams"}
[0829/153354.108:ERROR:batching_media_log.cc(35)] MediaEvent: {"pipeline_error":14}
